#
# A fatal error has been detected by the Java Runtime Environment:
#
#  EXCEPTION_ACCESS_VIOLATION (0xc0000005) at pc=0x00007ffac111cc09, pid=7700, tid=0x00000000000001d8
#
# JRE version: Java(TM) SE Runtime Environment (8.0_202-b08) (build 1.8.0_202-b08)
# Java VM: Java HotSpot(TM) 64-Bit Server VM (25.202-b08 mixed mode windows-amd64 compressed oops)
# Problematic frame:
# C  [_multiarray_umath.cp38-win_amd64.pyd+0x11cc09]
#
# Failed to write core dump. Minidumps are not enabled by default on client versions of Windows
#
# If you would like to submit a bug report, please visit:
#   http://bugreport.java.com/bugreport/crash.jsp
# The crash happened outside the Java Virtual Machine in native code.
# See problematic frame for where to report the bug.
#

---------------  T H R E A D  ---------------

Current thread (0x000000001f4f7000):  JavaThread "AWT-EventQueue-0" [_thread_in_native, id=472, stack(0x0000000022830000,0x0000000022930000)]

siginfo: ExceptionCode=0xc0000005, writing address 0x0000000000000035

Registers:
RAX=0x0000000000000035, RBX=0x0000000049d66740, RCX=0x0000000049d66740, RDX=0x00007ffac124f260
RSP=0x000000002292b7d0, RBP=0x000000002292b9e0, RSI=0x00007ffac124f260, RDI=0x00007ffac124f260
R8 =0x0000000000000008, R9 =0x00007ffaddad0000, R10=0x0000000049d66740, R11=0x00000000249ccb60
R12=0x0000000000000022, R13=0x0000000049d1db5c, R14=0x00000000276216a8, R15=0x00000000276214c0
RIP=0x00007ffac111cc09, EFLAGS=0x0000000000010206

Top of Stack: (sp=0x000000002292b7d0)
0x000000002292b7d0:   0000000000000019 00007ffac111fe65
0x000000002292b7e0:   0000618c37315abe 0000000000000000
0x000000002292b7f0:   0000000000000000 00000000276214c0
0x000000002292b800:   00000000276216a8 0000000049d1db5c
0x000000002292b810:   0000000000000022 0000000049d66730
0x000000002292b820:   00000000244d4c30 0000000049d66740
0x000000002292b830:   0000000049dd35d0 00007ffac112dae9
0x000000002292b840:   0000000049dd35d0 00007ffac124f260
0x000000002292b850:   0000000049c04df0 bb5cd05248513c58
0x000000002292b860:   0000000000000000 0000000000000000
0x000000002292b870:   0000000000000000 0000000000000000
0x000000002292b880:   0000000000000000 00007ffa00000000
0x000000002292b890:   00007ffa00000000 00007ffac16abe90
0x000000002292b8a0:   00000000276216a0 00007ffac134b189
0x000000002292b8b0:   0000000049d66730 00000000244d4c30
0x000000002292b8c0:   0000000029abff10 000000002292b9e0 

Instructions: (pc=0x00007ffac111cc09)
0x00007ffac111cbe9:   1b 01 48 8b fa 48 8b d9 0f 84 5b 01 00 00 83 7a
0x00007ffac111cbf9:   1c 11 75 16 48 8b 01 48 85 c0 0f 84 49 01 00 00
0x00007ffac111cc09:   48 ff 00 48 83 c4 58 5f 5b c3 48 83 7a 38 00 48
0x00007ffac111cc19:   89 6c 24 70 48 89 74 24 50 0f 84 e3 00 00 00 48 


Register to memory mapping:

RAX=0x0000000000000035 is an unknown value
RBX=0x0000000049d66740 is an unknown value
RCX=0x0000000049d66740 is an unknown value
RDX=0x00007ffac124f260 is an unknown value
RSP=0x000000002292b7d0 is pointing into the stack for thread: 0x000000001f4f7000
RBP=0x000000002292b9e0 is pointing into the stack for thread: 0x000000001f4f7000
RSI=0x00007ffac124f260 is an unknown value
RDI=0x00007ffac124f260 is an unknown value
R8 =0x0000000000000008 is an unknown value
R9 =0x00007ffaddad0000 is an unknown value
R10=0x0000000049d66740 is an unknown value
R11=0x00000000249ccb60 is an unknown value
R12=0x0000000000000022 is an unknown value
R13=0x0000000049d1db5c is an unknown value
R14=0x00000000276216a8 is an unknown value
R15=0x00000000276214c0 is an unknown value


Stack: [0x0000000022830000,0x0000000022930000],  sp=0x000000002292b7d0,  free space=1005k
Native frames: (J=compiled Java code, j=interpreted, Vv=VM code, C=native code)
C  [_multiarray_umath.cp38-win_amd64.pyd+0x11cc09]
C  [_multiarray_umath.cp38-win_amd64.pyd+0x12dae9]
C  [python38.dll+0x4b189]
C  [python38.dll+0x57fce]
C  [python38.dll+0x4fc58]
C  [python38.dll+0x5553d]
C  [python38.dll+0x4fc58]
C  [python38.dll+0x57a38]
C  [python38.dll+0x4fc58]
C  [python38.dll+0x4f805]
C  [python38.dll+0x54d16]
C  [python38.dll+0x4fc58]
C  [python38.dll+0x5654b]
C  [python38.dll+0x542ce]
C  [python38.dll+0x5135d]
C  [python38.dll+0x194c7]
C  [python38.dll+0x18fd0]
C  [python38.dll+0xbc249]
C  [python38.dll+0x4af9c]
C  [python38.dll+0xfdc4d]
C  [python38.dll+0x38584]
C  [python38.dll+0x39bba]
C  [python38.dll+0x43c34]
C  [python38.dll+0xfcd7]
C  [python38.dll+0xfb29]
C  [python38.dll+0xa8e2f]
C  [jep.dll+0x7928]
C  [jep.dll+0x6faa]
C  0x0000000002466567

Java frames: (J=compiled Java code, j=interpreted, Vv=VM code)
j  jep.Jep.eval(JLjava/lang/String;)V+0
j  jep.Jep.eval(Ljava/lang/String;)Z+109
j  PythonInterpreterTemplate.PythonInterpreterTemplate.HUS2Vec_sim_classify(Ljava/lang/String;Ljavax/swing/JTextArea;)Ljava/lang/String;+74
j  PythonInterpreterTemplate.NFrame.actionPerformed(Ljava/awt/event/ActionEvent;)V+243
j  java.awt.Button.processActionEvent(Ljava/awt/event/ActionEvent;)V+11
j  java.awt.Button.processEvent(Ljava/awt/AWTEvent;)V+12
J 685 C1 java.awt.Component.dispatchEventImpl(Ljava/awt/AWTEvent;)V (921 bytes) @ 0x00000000026eb7f4 [0x00000000026e62c0+0x5534]
J 602 C1 java.awt.EventQueue.dispatchEventImpl(Ljava/awt/AWTEvent;Ljava/lang/Object;)V (149 bytes) @ 0x000000000269407c [0x0000000002692800+0x187c]
J 600 C1 java.awt.EventQueue$3.run()Ljava/lang/Void; (60 bytes) @ 0x0000000002691bdc [0x00000000026919c0+0x21c]
J 599 C1 java.awt.EventQueue$3.run()Ljava/lang/Object; (5 bytes) @ 0x000000000269164c [0x00000000026915c0+0x8c]
v  ~StubRoutines::call_stub
J 518  java.security.AccessController.doPrivileged(Ljava/security/PrivilegedAction;Ljava/security/AccessControlContext;)Ljava/lang/Object; (0 bytes) @ 0x0000000002660f26 [0x0000000002660ec0+0x66]
J 669 C1 java.awt.EventQueue$4.run()Ljava/lang/Object; (5 bytes) @ 0x00000000026dccb4 [0x00000000026dc880+0x434]
v  ~StubRoutines::call_stub
J 518  java.security.AccessController.doPrivileged(Ljava/security/PrivilegedAction;Ljava/security/AccessControlContext;)Ljava/lang/Object; (0 bytes) @ 0x0000000002660f26 [0x0000000002660ec0+0x66]
J 545 C1 java.awt.EventQueue.dispatchEvent(Ljava/awt/AWTEvent;)V (80 bytes) @ 0x000000000266ef3c [0x000000000266e080+0xebc]
J 603 C1 java.awt.EventDispatchThread.pumpOneEventForFilters(I)V (190 bytes) @ 0x0000000002698d5c [0x0000000002697c00+0x115c]
j  java.awt.EventDispatchThread.pumpEventsForFilter(ILjava/awt/Conditional;Ljava/awt/EventFilter;)V+35
j  java.awt.EventDispatchThread.pumpEventsForHierarchy(ILjava/awt/Conditional;Ljava/awt/Component;)V+11
j  java.awt.EventDispatchThread.pumpEvents(ILjava/awt/Conditional;)V+4
j  java.awt.EventDispatchThread.pumpEvents(Ljava/awt/Conditional;)V+3
j  java.awt.EventDispatchThread.run()V+9
v  ~StubRoutines::call_stub

---------------  P R O C E S S  ---------------

Java Threads: ( => current thread )
  0x000000001e52b800 JavaThread "JepMainInterpreter" daemon [_thread_blocked, id=7560, stack(0x0000000029810000,0x0000000029910000)]
  0x000000001f60d000 JavaThread "TimerQueue" daemon [_thread_blocked, id=10252, stack(0x0000000024330000,0x0000000024430000)]
  0x000000001f59d000 JavaThread "Swing-Shell" daemon [_thread_blocked, id=1456, stack(0x0000000025b30000,0x0000000025c30000)]
  0x000000001f498000 JavaThread "D3D Screen Updater" daemon [_thread_blocked, id=1244, stack(0x00000000232d0000,0x00000000233d0000)]
  0x0000000002352800 JavaThread "DestroyJavaVM" [_thread_blocked, id=1396, stack(0x00000000021f0000,0x00000000022f0000)]
=>0x000000001f4f7000 JavaThread "AWT-EventQueue-0" [_thread_in_native, id=472, stack(0x0000000022830000,0x0000000022930000)]
  0x000000001f434000 JavaThread "AWT-Windows" daemon [_thread_in_native, id=2960, stack(0x000000001fdb0000,0x000000001feb0000)]
  0x000000001f429800 JavaThread "AWT-Shutdown" [_thread_blocked, id=8488, stack(0x000000001fcb0000,0x000000001fdb0000)]
  0x000000001f428800 JavaThread "Java2D Disposer" daemon [_thread_blocked, id=11724, stack(0x000000001fba0000,0x000000001fca0000)]
  0x000000001e3c7800 JavaThread "Service Thread" daemon [_thread_blocked, id=5792, stack(0x000000001f030000,0x000000001f130000)]
  0x000000001e353800 JavaThread "C1 CompilerThread3" daemon [_thread_blocked, id=548, stack(0x000000001ef30000,0x000000001f030000)]
  0x000000001e343000 JavaThread "C2 CompilerThread2" daemon [_thread_blocked, id=7100, stack(0x000000001ee30000,0x000000001ef30000)]
  0x000000001e340800 JavaThread "C2 CompilerThread1" daemon [_thread_blocked, id=1644, stack(0x000000001ed30000,0x000000001ee30000)]
  0x000000001e335800 JavaThread "C2 CompilerThread0" daemon [_thread_blocked, id=8660, stack(0x000000001ec30000,0x000000001ed30000)]
  0x000000001e333800 JavaThread "Attach Listener" daemon [_thread_blocked, id=3332, stack(0x000000001eb30000,0x000000001ec30000)]
  0x000000001e332800 JavaThread "Signal Dispatcher" daemon [_thread_blocked, id=4928, stack(0x000000001ea30000,0x000000001eb30000)]
  0x000000001e320800 JavaThread "Finalizer" daemon [_thread_blocked, id=7096, stack(0x000000001e800000,0x000000001e900000)]
  0x000000001c4fd000 JavaThread "Reference Handler" daemon [_thread_blocked, id=8056, stack(0x000000001e700000,0x000000001e800000)]

Other Threads:
  0x000000001c4f9000 VMThread [stack: 0x000000001e200000,0x000000001e300000] [id=6016]
  0x000000001e3f0800 WatcherThread [stack: 0x000000001f2a0000,0x000000001f3a0000] [id=6092]

VM state:not at safepoint (normal execution)

VM Mutex/Monitor currently owned by a thread: None

heap address: 0x00000006b6600000, size: 4250 MB, Compressed Oops mode: Zero based, Oop shift amount: 3
Narrow klass base: 0x0000000000000000, Narrow klass shift: 3
Compressed class space size: 1073741824 Address: 0x00000007c0000000

Heap:
 PSYoungGen      total 79360K, used 24367K [0x0000000767780000, 0x000000076d000000, 0x00000007c0000000)
  eden space 68096K, 29% used [0x0000000767780000,0x0000000768aea000,0x000000076ba00000)
  from space 11264K, 39% used [0x000000076ba00000,0x000000076be61f10,0x000000076c500000)
  to   space 11264K, 0% used [0x000000076c500000,0x000000076c500000,0x000000076d000000)
 ParOldGen       total 181760K, used 24K [0x00000006b6600000, 0x00000006c1780000, 0x0000000767780000)
  object space 181760K, 0% used [0x00000006b6600000,0x00000006b6606000,0x00000006c1780000)
 Metaspace       used 15549K, capacity 15756K, committed 16000K, reserved 1062912K
  class space    used 2011K, capacity 2102K, committed 2176K, reserved 1048576K

Card table byte_map: [0x0000000011810000,0x0000000012060000] byte_map_base: 0x000000000e25d000

Marking Bits: (ParMarkBitMap*) 0x000000006f655ce0
 Begin Bits: [0x0000000012df0000, 0x0000000017058000)
 End Bits:   [0x0000000017058000, 0x000000001b2c0000)

Polling page: 0x0000000000970000

CodeCache: size=245760Kb used=6947Kb max_used=7242Kb free=238812Kb
 bounds [0x0000000002450000, 0x0000000002b70000, 0x0000000011450000]
 total_blobs=2663 nmethods=2127 adapters=448
 compilation: enabled

Compilation events (10 events):
Event: 76.959 Thread 0x000000001e353800 2299       3       sun.awt.windows.WToolkit::isComponentValidForTouchKeyboard (56 bytes)
Event: 76.959 Thread 0x000000001e353800 nmethod 2299 0x000000000278edd0 code [0x000000000278efa0, 0x000000000278fad8]
Event: 77.272 Thread 0x000000001e353800 2300       1       javax.swing.text.JTextComponent::getCaret (5 bytes)
Event: 77.272 Thread 0x000000001e353800 nmethod 2300 0x00000000029bb890 code [0x00000000029bb9e0, 0x00000000029bbaf0]
Event: 78.318 Thread 0x000000001e353800 2301       3       java.lang.Class::checkMemberAccess (49 bytes)
Event: 78.319 Thread 0x000000001e353800 nmethod 2301 0x0000000002732590 code [0x0000000002732720, 0x0000000002732c98]
Event: 78.319 Thread 0x000000001e353800 2302       3       java.lang.Class::getReflectionFactory (26 bytes)
Event: 78.319 Thread 0x000000001e353800 nmethod 2302 0x00000000026568d0 code [0x0000000002656a60, 0x0000000002656e48]
Event: 79.081 Thread 0x000000001e353800 2303       3       java.util.regex.Matcher::find (69 bytes)
Event: 79.081 Thread 0x000000001e353800 nmethod 2303 0x00000000026d6810 code [0x00000000026d6980, 0x00000000026d6d28]

GC Heap History (2 events):
Event: 26.871 GC heap before
{Heap before GC invocations=1 (full 0):
 PSYoungGen      total 79360K, used 68096K [0x0000000767780000, 0x000000076d000000, 0x00000007c0000000)
  eden space 68096K, 100% used [0x0000000767780000,0x000000076ba00000,0x000000076ba00000)
  from space 11264K, 0% used [0x000000076c500000,0x000000076c500000,0x000000076d000000)
  to   space 11264K, 0% used [0x000000076ba00000,0x000000076ba00000,0x000000076c500000)
 ParOldGen       total 181760K, used 0K [0x00000006b6600000, 0x00000006c1780000, 0x0000000767780000)
  object space 181760K, 0% used [0x00000006b6600000,0x00000006b6600000,0x00000006c1780000)
 Metaspace       used 14681K, capacity 14912K, committed 15104K, reserved 1062912K
  class space    used 1865K, capacity 1972K, committed 2048K, reserved 1048576K
Event: 26.875 GC heap after
Heap after GC invocations=1 (full 0):
 PSYoungGen      total 79360K, used 4487K [0x0000000767780000, 0x000000076d000000, 0x00000007c0000000)
  eden space 68096K, 0% used [0x0000000767780000,0x0000000767780000,0x000000076ba00000)
  from space 11264K, 39% used [0x000000076ba00000,0x000000076be61f10,0x000000076c500000)
  to   space 11264K, 0% used [0x000000076c500000,0x000000076c500000,0x000000076d000000)
 ParOldGen       total 181760K, used 24K [0x00000006b6600000, 0x00000006c1780000, 0x0000000767780000)
  object space 181760K, 0% used [0x00000006b6600000,0x00000006b6606000,0x00000006c1780000)
 Metaspace       used 14681K, capacity 14912K, committed 15104K, reserved 1062912K
  class space    used 1865K, capacity 1972K, committed 2048K, reserved 1048576K
}

Deoptimization events (10 events):
Event: 25.994 Thread 0x000000001f4f7000 Uncommon trap: reason=bimorphic action=maybe_recompile pc=0x0000000002732a7c method=java.util.HashMap.getNode(ILjava/lang/Object;)Ljava/util/HashMap$Node; @ 126
Event: 25.994 Thread 0x000000001f4f7000 Uncommon trap: reason=bimorphic action=maybe_recompile pc=0x0000000002732a7c method=java.util.HashMap.getNode(ILjava/lang/Object;)Ljava/util/HashMap$Node; @ 126
Event: 25.994 Thread 0x000000001f4f7000 Uncommon trap: reason=bimorphic action=maybe_recompile pc=0x0000000002732a7c method=java.util.HashMap.getNode(ILjava/lang/Object;)Ljava/util/HashMap$Node; @ 126
Event: 25.994 Thread 0x000000001f4f7000 Uncommon trap: reason=bimorphic action=maybe_recompile pc=0x0000000002732a7c method=java.util.HashMap.getNode(ILjava/lang/Object;)Ljava/util/HashMap$Node; @ 126
Event: 25.994 Thread 0x000000001f4f7000 Uncommon trap: reason=bimorphic action=maybe_recompile pc=0x00000000026d6abc method=java.util.HashMap.getNode(ILjava/lang/Object;)Ljava/util/HashMap$Node; @ 126
Event: 26.028 Thread 0x000000001f4f7000 Uncommon trap: reason=unstable_if action=reinterpret pc=0x0000000002a2e950 method=java.io.BufferedReader.readLine(Z)Ljava/lang/String; @ 55
Event: 26.877 Thread 0x000000001f4f7000 Uncommon trap: reason=unstable_if action=reinterpret pc=0x000000000297b644 method=java.lang.ref.SoftReference.get()Ljava/lang/Object; @ 17
Event: 26.925 Thread 0x000000001f4f7000 Uncommon trap: reason=unstable_if action=reinterpret pc=0x0000000002a6a918 method=java.lang.Class$MethodArray.add(Ljava/lang/reflect/Method;)V @ 51
Event: 64.825 Thread 0x000000001f4f7000 Uncommon trap: reason=unstable_if action=reinterpret pc=0x0000000002ac0050 method=java.util.concurrent.FutureTask.get()Ljava/lang/Object; @ 7
Event: 70.840 Thread 0x000000001f4f7000 Uncommon trap: reason=unstable_if action=reinterpret pc=0x0000000002953408 method=java.awt.Container.getMouseEventTargetImpl(IIZLjava/awt/Container$EventTargetFilter;ZZ)Ljava/awt/Component; @ 218

Classes redefined (0 events):
No events

Internal exceptions (10 events):
Event: 0.092 Thread 0x0000000002352800 Exception <a 'java/security/PrivilegedActionException'> (0x000000076781f190) thrown at [C:\re\workspace\8-2-build-windows-amd64-cygwin\jdk8u202\12323\hotspot\src\share\vm\prims\jvm.cpp, line 1502]
Event: 0.096 Thread 0x0000000002352800 Exception <a 'java/io/FileNotFoundException'> (0x0000000767821c08) thrown at [C:\re\workspace\8-2-build-windows-amd64-cygwin\jdk8u202\12323\hotspot\src\share\vm\prims\jni.cpp, line 710]
Event: 0.124 Thread 0x0000000002352800 Exception <a 'java/lang/NoSuchFieldError': method resolution failed> (0x0000000767a46b18) thrown at [C:\re\workspace\8-2-build-windows-amd64-cygwin\jdk8u202\12323\hotspot\src\share\vm\prims\methodHandles.cpp, line 1167]
Event: 0.126 Thread 0x0000000002352800 Exception <a 'java/lang/NoSuchFieldError': method resolution failed> (0x0000000767a53ee8) thrown at [C:\re\workspace\8-2-build-windows-amd64-cygwin\jdk8u202\12323\hotspot\src\share\vm\prims\methodHandles.cpp, line 1167]
Event: 0.159 Thread 0x0000000002352800 Exception <a 'java/io/FileNotFoundException'> (0x0000000767af0018) thrown at [C:\re\workspace\8-2-build-windows-amd64-cygwin\jdk8u202\12323\hotspot\src\share\vm\prims\jni.cpp, line 710]
Event: 0.210 Thread 0x0000000002352800 Implicit null exception at 0x00000000025c0fe2 to 0x00000000025c11b9
Event: 25.992 Thread 0x000000001f4f7000 Implicit null exception at 0x0000000002a0832d to 0x0000000002a08901
Event: 25.993 Thread 0x000000001f4f7000 Implicit null exception at 0x0000000002a068fd to 0x0000000002a06d41
Event: 26.925 Thread 0x000000001f4f7000 Implicit null exception at 0x0000000002a6a6e9 to 0x0000000002a6a909
Event: 29.937 Thread 0x000000001f4f7000 Exception <a 'jep/JepException'> (0x0000000767eb1b10) thrown at [C:\re\workspace\8-2-build-windows-amd64-cygwin\jdk8u202\12323\hotspot\src\share\vm\prims\jni.cpp, line 710]

Events (10 events):
Event: 76.959 Thread 0x000000001e353800 flushing nmethod 0x00000000029f9310
Event: 76.959 Thread 0x000000001e353800 flushing nmethod 0x00000000029f9bd0
Event: 76.959 Thread 0x000000001e353800 flushing nmethod 0x00000000029fb050
Event: 76.959 Thread 0x000000001e353800 flushing nmethod 0x00000000029fe150
Event: 76.959 Thread 0x000000001e353800 flushing nmethod 0x0000000002a04a50
Event: 76.959 Thread 0x000000001e353800 flushing nmethod 0x0000000002a05650
Event: 76.959 Thread 0x000000001e353800 flushing nmethod 0x0000000002a05a10
Event: 76.959 Thread 0x000000001e353800 flushing nmethod 0x0000000002a06750
Event: 76.959 Thread 0x000000001e353800 flushing nmethod 0x0000000002a08010
Event: 76.959 Thread 0x000000001e353800 flushing nmethod 0x0000000002a12190


Dynamic libraries:
0x00007ff626600000 - 0x00007ff626637000 	C:\Program Files\Java\jdk1.8.0_202\bin\java.exe
0x00007ffae99d0000 - 0x00007ffae9bc5000 	C:\Windows\SYSTEM32\ntdll.dll
0x00007ffae8720000 - 0x00007ffae87de000 	C:\Windows\System32\KERNEL32.DLL
0x00007ffae75b0000 - 0x00007ffae7878000 	C:\Windows\System32\KERNELBASE.dll
0x00007ffae98e0000 - 0x00007ffae998c000 	C:\Windows\System32\ADVAPI32.dll
0x00007ffae9840000 - 0x00007ffae98de000 	C:\Windows\System32\msvcrt.dll
0x00007ffae7c50000 - 0x00007ffae7ceb000 	C:\Windows\System32\sechost.dll
0x00007ffae94d0000 - 0x00007ffae95fa000 	C:\Windows\System32\RPCRT4.dll
0x00007ffae8570000 - 0x00007ffae8711000 	C:\Windows\System32\USER32.dll
0x00007ffae7380000 - 0x00007ffae73a2000 	C:\Windows\System32\win32u.dll
0x00007ffae7cf0000 - 0x00007ffae7d1b000 	C:\Windows\System32\GDI32.dll
0x00007ffae7910000 - 0x00007ffae7a1b000 	C:\Windows\System32\gdi32full.dll
0x00007ffae73b0000 - 0x00007ffae744d000 	C:\Windows\System32\msvcp_win.dll
0x00007ffae7250000 - 0x00007ffae7350000 	C:\Windows\System32\ucrtbase.dll
0x00007fface9f0000 - 0x00007ffacec8a000 	C:\Windows\WinSxS\amd64_microsoft.windows.common-controls_6595b64144ccf1df_6.0.19041.1110_none_60b5254171f9507e\COMCTL32.dll
0x00007ffae87e0000 - 0x00007ffae8810000 	C:\Windows\System32\IMM32.DLL
0x000000006ed50000 - 0x000000006ee22000 	C:\Program Files\Java\jdk1.8.0_202\jre\bin\msvcr100.dll
0x000000006ee30000 - 0x000000006f6d5000 	C:\Program Files\Java\jdk1.8.0_202\jre\bin\server\jvm.dll
0x00007ffae8e20000 - 0x00007ffae8e28000 	C:\Windows\System32\PSAPI.DLL
0x00007ffae0570000 - 0x00007ffae057a000 	C:\Windows\SYSTEM32\VERSION.dll
0x00007ffacf760000 - 0x00007ffacf787000 	C:\Windows\SYSTEM32\WINMM.dll
0x00007ffaddfc0000 - 0x00007ffaddfc9000 	C:\Windows\SYSTEM32\WSOCK32.dll
0x00007ffae96b0000 - 0x00007ffae971b000 	C:\Windows\System32\WS2_32.dll
0x00007ffadde60000 - 0x00007ffadde6f000 	C:\Program Files\Java\jdk1.8.0_202\jre\bin\verify.dll
0x00007ffadccb0000 - 0x00007ffadccd9000 	C:\Program Files\Java\jdk1.8.0_202\jre\bin\java.dll
0x00007ffadd270000 - 0x00007ffadd286000 	C:\Program Files\Java\jdk1.8.0_202\jre\bin\zip.dll
0x00007ffae7d20000 - 0x00007ffae845f000 	C:\Windows\System32\SHELL32.dll
0x00007ffae5210000 - 0x00007ffae59a0000 	C:\Windows\SYSTEM32\windows.storage.dll
0x00007ffae8e30000 - 0x00007ffae9185000 	C:\Windows\System32\combase.dll
0x00007ffae6a70000 - 0x00007ffae6a9e000 	C:\Windows\SYSTEM32\Wldp.dll
0x00007ffae84c0000 - 0x00007ffae856d000 	C:\Windows\System32\SHCORE.dll
0x00007ffae9470000 - 0x00007ffae94c5000 	C:\Windows\System32\shlwapi.dll
0x00007ffae7030000 - 0x00007ffae704f000 	C:\Windows\SYSTEM32\profapi.dll
0x00007ffaa3ef0000 - 0x00007ffaa4089000 	C:\Program Files\Java\jdk1.8.0_202\jre\bin\awt.dll
0x00007ffae91f0000 - 0x00007ffae92bd000 	C:\Windows\System32\OLEAUT32.dll
0x00007ffae49e0000 - 0x00007ffae4a70000 	C:\Windows\SYSTEM32\apphelp.dll
0x00007ffae4d20000 - 0x00007ffae4d4f000 	C:\Windows\system32\DWMAPI.DLL
0x00007ffae4b10000 - 0x00007ffae4bae000 	C:\Windows\system32\uxtheme.dll
0x00007ffaa3dc0000 - 0x00007ffaa3ee5000 	C:\Windows\system32\opengl32.dll
0x00007ffad9d10000 - 0x00007ffad9d3c000 	C:\Windows\SYSTEM32\GLU32.dll
0x00007ffae9720000 - 0x00007ffae9835000 	C:\Windows\System32\MSCTF.dll
0x00007ffae7a20000 - 0x00007ffae7b4a000 	C:\Windows\System32\ole32.dll
0x00007ffae5010000 - 0x00007ffae5022000 	C:\Windows\SYSTEM32\kernel.appcore.dll
0x00007ffae7880000 - 0x00007ffae7903000 	C:\Windows\System32\bcryptPrimitives.dll
0x00007ffac1730000 - 0x00007ffac18fe000 	C:\Windows\system32\d3d9.dll
0x00007ffad6f70000 - 0x00007ffad7666000 	C:\Windows\SYSTEM32\d3d10warp.dll
0x00007ffae23e0000 - 0x00007ffae241b000 	C:\Windows\SYSTEM32\dxcore.dll
0x00007ffae70f0000 - 0x00007ffae713e000 	C:\Windows\System32\cfgmgr32.dll
0x00007ffad9b60000 - 0x00007ffad9ba7000 	C:\Program Files\Java\jdk1.8.0_202\jre\bin\fontmanager.dll
0x00007ffae9600000 - 0x00007ffae96a9000 	C:\Windows\System32\clbcatq.dll
0x00007ffad92c0000 - 0x00007ffad9474000 	C:\Windows\SYSTEM32\WindowsCodecs.dll
0x00007ffae7350000 - 0x00007ffae7377000 	C:\Windows\System32\bcrypt.dll
0x00007ffacd5d0000 - 0x00007ffacd60e000 	C:\Windows\system32\dataexchange.dll
0x00007ffae3e40000 - 0x00007ffae4025000 	C:\Windows\system32\dcomp.dll
0x00007ffae3610000 - 0x00007ffae3874000 	C:\Windows\system32\d3d11.dll
0x00007ffae59e0000 - 0x00007ffae5ad4000 	C:\Windows\system32\dxgi.dll
0x00007ffadae60000 - 0x00007ffadb061000 	C:\Windows\system32\twinapi.appcore.dll
0x00007ffadaa80000 - 0x00007ffadaa9a000 	C:\Program Files\Java\jdk1.8.0_202\jre\bin\net.dll
0x00007ffade9a0000 - 0x00007ffadeb8b000 	C:\Windows\SYSTEM32\urlmon.dll
0x00007ffade6c0000 - 0x00007ffade970000 	C:\Windows\SYSTEM32\iertutil.dll
0x00007ffae65d0000 - 0x00007ffae65dc000 	C:\Windows\SYSTEM32\netutils.dll
0x00007ffade970000 - 0x00007ffade998000 	C:\Windows\SYSTEM32\srvcli.dll
0x00007ffae67d0000 - 0x00007ffae683a000 	C:\Windows\system32\mswsock.dll
0x00007ffada4e0000 - 0x00007ffada4f2000 	C:\Program Files\Java\jdk1.8.0_202\jre\bin\nio.dll
0x00007ffad26a0000 - 0x00007ffad26e2000 	C:\Program Files\Java\jdk1.8.0_202\jre\bin\t2k.dll
0x00007ffad9750000 - 0x00007ffad9849000 	C:\Windows\SYSTEM32\textinputframework.dll
0x00007ffae4030000 - 0x00007ffae438e000 	C:\Windows\System32\CoreUIComponents.dll
0x00007ffae4720000 - 0x00007ffae4812000 	C:\Windows\System32\CoreMessaging.dll
0x00007ffae3050000 - 0x00007ffae31a4000 	C:\Windows\SYSTEM32\wintypes.dll
0x00007ffae5de0000 - 0x00007ffae5e13000 	C:\Windows\SYSTEM32\ntmarta.dll
0x00007ffac2d40000 - 0x00007ffac2df0000 	C:\Windows\WinSxS\amd64_microsoft.windows.common-controls_6595b64144ccf1df_5.82.19041.1110_none_792d1c772443f647\comctl32.dll
0x00007ffae1850000 - 0x00007ffae1946000 	C:\Windows\SYSTEM32\PROPSYS.dll
0x00007ffad2570000 - 0x00007ffad2587000 	C:\Windows\system32\NetworkExplorer.dll
0x00007ffad13b0000 - 0x00007ffad13cd000 	C:\Windows\SYSTEM32\MPR.dll
0x00007ffae2970000 - 0x00007ffae297b000 	C:\Windows\System32\drprov.dll
0x00007ffae6dc0000 - 0x00007ffae6e1a000 	C:\Windows\System32\WINSTA.dll
0x00007ffaa2470000 - 0x00007ffaa2492000 	C:\Windows\System32\ntlanman.dll
0x00007ffaa1e60000 - 0x00007ffaa1e7e000 	C:\Windows\System32\davclnt.dll
0x00007ffad4040000 - 0x00007ffad404d000 	C:\Windows\System32\DAVHLPR.dll
0x00007ffae6270000 - 0x00007ffae6287000 	C:\Windows\System32\wkscli.dll
0x00007ffad9d40000 - 0x00007ffad9d52000 	C:\Windows\SYSTEM32\cscapi.dll
0x00007ffabe1c0000 - 0x00007ffabe216000 	C:\Windows\System32\dlnashext.dll
0x00007ffad4060000 - 0x00007ffad40c4000 	C:\Windows\System32\PlayToDevice.dll
0x00007ffad4910000 - 0x00007ffad4930000 	C:\Windows\System32\DevDispItemProvider.dll
0x00007ffae13d0000 - 0x00007ffae1455000 	C:\Windows\System32\MMDevApi.dll
0x00007ffae6e20000 - 0x00007ffae6e54000 	C:\Windows\System32\DEVOBJ.dll
0x00007ffad18b0000 - 0x00007ffad18fe000 	C:\Windows\SYSTEM32\rdpendp.dll
0x00007ffae2290000 - 0x00007ffae22a4000 	C:\Windows\SYSTEM32\WTSAPI32.dll
0x00007ffad6110000 - 0x00007ffad61bc000 	C:\Windows\SYSTEM32\TextShaping.dll
0x00007ffac22e0000 - 0x00007ffac2381000 	C:\Windows\system32\wpdshext.dll
0x00007ffabe370000 - 0x00007ffabe519000 	C:\Windows\WinSxS\amd64_microsoft.windows.gdiplus_6595b64144ccf1df_1.1.19041.1348_none_91a2627ccc89e3fb\gdiplus.dll
0x00007ffae22d0000 - 0x00007ffae2373000 	C:\Windows\System32\PortableDeviceApi.dll
0x00007ffae89a0000 - 0x00007ffae8e12000 	C:\Windows\System32\SETUPAPI.dll
0x00007ffae7140000 - 0x00007ffae71a0000 	C:\Windows\System32\WINTRUST.dll
0x00007ffae7450000 - 0x00007ffae75a6000 	C:\Windows\System32\CRYPT32.dll
0x00007ffae6c00000 - 0x00007ffae6c12000 	C:\Windows\System32\MSASN1.dll
0x00007ffacf200000 - 0x00007ffacf237000 	C:\Windows\System32\EhStorShell.dll
0x00007ffadc840000 - 0x00007ffadc866000 	C:\Windows\System32\EhStorAPI.dll
0x00007ffacc110000 - 0x00007ffacc11d000 	C:\Windows\SYSTEM32\LINKINFO.dll
0x00007ffada040000 - 0x00007ffada071000 	C:\Windows\jep.dll
0x00007ffaddad0000 - 0x00007ffaddae6000 	C:\Program Files\Java\jdk1.8.0_202\jre\bin\VCRUNTIME140.dll
0x00007ffac1300000 - 0x00007ffac1730000 	C:\Users\admin\AppData\Local\Programs\Python\Python38\python38.dll
0x00007ffae69c0000 - 0x00007ffae69d8000 	C:\Windows\SYSTEM32\CRYPTSP.dll
0x00007ffae6150000 - 0x00007ffae6184000 	C:\Windows\system32\rsaenh.dll
0x00007ffae69e0000 - 0x00007ffae69ec000 	C:\Windows\SYSTEM32\CRYPTBASE.dll
0x00007ffae2fa0000 - 0x00007ffae2faf000 	C:\Users\admin\AppData\Local\Programs\Python\Python38\python3.dll
0x00007ffada510000 - 0x00007ffada531000 	C:\Users\admin\AppData\Local\Programs\Python\Python38\DLLs\_ctypes.pyd
0x00007ffae23b0000 - 0x00007ffae23bb000 	C:\Users\admin\AppData\Local\Programs\Python\Python38\DLLs\libffi-7.dll
0x0000000062a80000 - 0x0000000064833000 	C:\Users\admin\AppData\Local\Programs\Python\Python38\lib\site-packages\numpy\.libs\libopenblas.XWYDX2IKJW2NMTWSFYNGFUWKQU3LYTCZ.gfortran-win_amd64.dll
0x00007ffac1000000 - 0x00007ffac12f3000 	C:\Users\admin\AppData\Local\Programs\Python\Python38\lib\site-packages\numpy\core\_multiarray_umath.cp38-win_amd64.pyd
0x00007ffadcee0000 - 0x00007ffadcf00000 	C:\Users\admin\AppData\Local\Programs\Python\Python38\lib\site-packages\numpy\core\_multiarray_tests.cp38-win_amd64.pyd
0x00007ffadcde0000 - 0x00007ffadcdf6000 	C:\Users\admin\AppData\Local\Programs\Python\Python38\DLLs\_socket.pyd
0x00007ffae64c0000 - 0x00007ffae64fb000 	C:\Windows\SYSTEM32\IPHLPAPI.DLL
0x00007ffadcdb0000 - 0x00007ffadcdb9000 	C:\Users\admin\AppData\Local\Programs\Python\Python38\DLLs\select.pyd
0x00007ffadcda0000 - 0x00007ffadcda9000 	C:\Users\admin\AppData\Local\Programs\Python\Python38\lib\site-packages\numpy\linalg\lapack_lite.cp38-win_amd64.pyd
0x00007ffada010000 - 0x00007ffada03a000 	C:\Users\admin\AppData\Local\Programs\Python\Python38\lib\site-packages\numpy\linalg\_umath_linalg.cp38-win_amd64.pyd
0x00007ffad9f50000 - 0x00007ffad9f70000 	C:\Users\admin\AppData\Local\Programs\Python\Python38\lib\site-packages\numpy\fft\_pocketfft_internal.cp38-win_amd64.pyd
0x00007ffac2240000 - 0x00007ffac22d4000 	C:\Users\admin\AppData\Local\Programs\Python\Python38\lib\site-packages\numpy\random\mtrand.cp38-win_amd64.pyd
0x00007ffad9e80000 - 0x00007ffad9ea9000 	C:\Users\admin\AppData\Local\Programs\Python\Python38\lib\site-packages\numpy\random\bit_generator.cp38-win_amd64.pyd
0x00007ffad2640000 - 0x00007ffad2672000 	C:\Users\admin\AppData\Local\Programs\Python\Python38\lib\site-packages\numpy\random\_common.cp38-win_amd64.pyd
0x00007ffadcd70000 - 0x00007ffadcd7d000 	C:\Users\admin\AppData\Local\Programs\Python\Python38\DLLs\_hashlib.pyd
0x00007ffac0cb0000 - 0x00007ffac0ffa000 	C:\Users\admin\AppData\Local\Programs\Python\Python38\DLLs\libcrypto-1_1.dll
0x00007fface370000 - 0x00007fface3b2000 	C:\Users\admin\AppData\Local\Programs\Python\Python38\lib\site-packages\numpy\random\_bounded_integers.cp38-win_amd64.pyd
0x00007ffad9f30000 - 0x00007ffad9f48000 	C:\Users\admin\AppData\Local\Programs\Python\Python38\lib\site-packages\numpy\random\_mt19937.cp38-win_amd64.pyd
0x00007ffad2620000 - 0x00007ffad2637000 	C:\Users\admin\AppData\Local\Programs\Python\Python38\lib\site-packages\numpy\random\_philox.cp38-win_amd64.pyd
0x00007ffad2530000 - 0x00007ffad2549000 	C:\Users\admin\AppData\Local\Programs\Python\Python38\lib\site-packages\numpy\random\_pcg64.cp38-win_amd64.pyd
0x00007ffad2510000 - 0x00007ffad2522000 	C:\Users\admin\AppData\Local\Programs\Python\Python38\lib\site-packages\numpy\random\_sfc64.cp38-win_amd64.pyd
0x00007ffac0c00000 - 0x00007ffac0cae000 	C:\Users\admin\AppData\Local\Programs\Python\Python38\lib\site-packages\numpy\random\_generator.cp38-win_amd64.pyd

VM Arguments:
jvm_args: -Dfile.encoding=UTF-8 
java_command: PythonInterpreterTemplate.PythonInterpreterTemplate
java_class_path (initial): C:\jython2.7.2\jython.jar;C:\jython2.7.2\jep.jar;C:\Users\admin\Documents\NetBeansProjects\PythonInterpreterTemplate\build\classes
Launcher Type: SUN_STANDARD

Environment Variables:
PATH=C:\Program Files\NVIDIA GPU Computing Toolkit\CUDA\v11.5\bin;C:\Program Files\NVIDIA GPU Computing Toolkit\CUDA\v11.5\libnvvp;C:\Program Files (x86)\Common Files\Oracle\Java\javapath;C:\Windows\system32;C:\Windows;C:\Windows\System32\Wbem;C:\Windows\System32\WindowsPowerShell\v1.0\;C:\Windows\System32\OpenSSH\;C:\Program Files\Git\cmd;C:\ProgramData\chocolatey\bin;C:\Program Files\NVIDIA Corporation\Nsight Compute 2021.3.1\;C:\Program Files (x86)\NVIDIA Corporation\PhysX\Common;"C:\Windows;";C:\Program Files (x86)\Microsoft Visual Studio 14.0\VC\bin;C:\Users\admin\AppData\Local\Programs\Python\Python38\;C:\Users\admin\AppData\Local\Microsoft\WindowsApps;C:\Program Files\JetBrains\JetBrains Rider 2021.2.1\bin;;C:\Program Files\JetBrains\PyCharm 2021.2.2\bin;;C:\Program Files\JetBrains\PyCharm Community Edition 2020.2.2\bin;;"C:\Windows\System32;";"C:\Windows\System32\Wbem;";C:\Windows\System32\WindowsPowerShell\v1.0;C:\Users\admin\AppData\Local\Programs\Python\Python38\Scripts\;C:\Program Files (x86)\Nmap;C:\Users\admin\AppData\Local\Programs\MiKTeX\miktex\bin\x64\;C:\ProgramData\chocolatey\lib\mingw\tools\install\mingw64\bin;C:\Python27\Lib\site-packages;C:\Users\admin\AppData\Local\Programs\Python\Python38\Lib\site-packages\;C:\Users\admin\Documents\NetBeansProjects\PythonInterpreterTemplate\Doc2VecC_python\build\temp.win-amd64-3.8\Release;C:\Users\admin\anaconda3\Lib\site-packages\numpy\core\include\numpy;C:\Program Files\JetBrains\CLion 2021.2.3\bin;
USERNAME=admin
LD_LIBRARY_PATH=$LD_LIBRARY_PATH:C:/Users/admin/AppData/Local/Programs/Python/Python38/lib/site-packages/jep/
OS=Windows_NT
PROCESSOR_IDENTIFIER=Intel64 Family 15 Model 6 Stepping 1, GenuineIntel



---------------  S Y S T E M  ---------------

OS: Windows 10.0 , 64 bit Build 19041 (10.0.19041.1348)

CPU:total 8 (initial active 8) (4 cores per cpu, 1 threads per core) family 15 model 6 stepping 1, cmov, cx8, fxsr, mmx, sse, sse2, sse3, tsc

Memory: 4k page, physical 17407468k(13106220k free), swap 27136340k(20062012k free)

vm_info: Java HotSpot(TM) 64-Bit Server VM (25.202-b08) for windows-amd64 JRE (1.8.0_202-b08), built on Dec 15 2018 19:54:30 by "java_re" with MS VC++ 10.0 (VS2010)

time: Sat Nov 27 04:03:36 2021
timezone: Paris, Madrid
elapsed time: 79 seconds (0d 0h 1m 19s)

