#
# A fatal error has been detected by the Java Runtime Environment:
#
#  EXCEPTION_ACCESS_VIOLATION (0xc0000005) at pc=0x00007ffac619cc09, pid=4976, tid=0x00000000000012c8
#
# JRE version: Java(TM) SE Runtime Environment (8.0_202-b08) (build 1.8.0_202-b08)
# Java VM: Java HotSpot(TM) 64-Bit Server VM (25.202-b08 mixed mode windows-amd64 compressed oops)
# Problematic frame:
# C  [_multiarray_umath.cp38-win_amd64.pyd+0x11cc09]
#
# Failed to write core dump. Minidumps are not enabled by default on client versions of Windows
#
# If you would like to submit a bug report, please visit:
#   http://bugreport.java.com/bugreport/crash.jsp
# The crash happened outside the Java Virtual Machine in native code.
# See problematic frame for where to report the bug.
#

---------------  T H R E A D  ---------------

Current thread (0x000000001fa13800):  JavaThread "AWT-EventQueue-0" [_thread_in_native, id=4808, stack(0x0000000022d80000,0x0000000022e80000)]

siginfo: ExceptionCode=0xc0000005, writing address 0x0000000000000035

Registers:
RAX=0x0000000000000035, RBX=0x0000000049ea7740, RCX=0x0000000049ea7740, RDX=0x00007ffac62cf260
RSP=0x0000000022e7b8e0, RBP=0x0000000022e7baf0, RSI=0x00007ffac62cf260, RDI=0x00007ffac62cf260
R8 =0x0000000000000008, R9 =0x00007ffaddad0000, R10=0x0000000049ea7740, R11=0x0000000023afeb40
R12=0x0000000000000022, R13=0x0000000049e5eb5c, R14=0x0000000028ea1318, R15=0x0000000028ea1130
RIP=0x00007ffac619cc09, EFLAGS=0x0000000000010206

Top of Stack: (sp=0x0000000022e7b8e0)
0x0000000022e7b8e0:   0000000000000019 00007ffac619fe65
0x0000000022e7b8f0:   000049836f260e14 0000000000000000
0x0000000022e7b900:   0000000000000000 0000000028ea1130
0x0000000022e7b910:   0000000028ea1318 0000000049e5eb5c
0x0000000022e7b920:   0000000000000022 0000000049ea7730
0x0000000022e7b930:   0000000024934c30 0000000049ea7740
0x0000000022e7b940:   0000000049f135d0 00007ffac61adae9
0x0000000022e7b950:   0000000049f135d0 00007ffac62cf260
0x0000000022e7b960:   0000000049d44df0 47913724d04809c2
0x0000000022e7b970:   0000000000000000 0000000000000000
0x0000000022e7b980:   0000000000000000 0000000000000000
0x0000000022e7b990:   0000000000000000 00007ffa00000000
0x0000000022e7b9a0:   00007ffa00000000 00007ffac672be90
0x0000000022e7b9b0:   0000000028ea1310 00007ffac63cb189
0x0000000022e7b9c0:   0000000049ea7730 0000000024934c30
0x0000000022e7b9d0:   000000002a01ff10 0000000022e7baf0 

Instructions: (pc=0x00007ffac619cc09)
0x00007ffac619cbe9:   1b 01 48 8b fa 48 8b d9 0f 84 5b 01 00 00 83 7a
0x00007ffac619cbf9:   1c 11 75 16 48 8b 01 48 85 c0 0f 84 49 01 00 00
0x00007ffac619cc09:   48 ff 00 48 83 c4 58 5f 5b c3 48 83 7a 38 00 48
0x00007ffac619cc19:   89 6c 24 70 48 89 74 24 50 0f 84 e3 00 00 00 48 


Register to memory mapping:

RAX=0x0000000000000035 is an unknown value
RBX=0x0000000049ea7740 is an unknown value
RCX=0x0000000049ea7740 is an unknown value
RDX=0x00007ffac62cf260 is an unknown value
RSP=0x0000000022e7b8e0 is pointing into the stack for thread: 0x000000001fa13800
RBP=0x0000000022e7baf0 is pointing into the stack for thread: 0x000000001fa13800
RSI=0x00007ffac62cf260 is an unknown value
RDI=0x00007ffac62cf260 is an unknown value
R8 =0x0000000000000008 is an unknown value
R9 =0x00007ffaddad0000 is an unknown value
R10=0x0000000049ea7740 is an unknown value
R11=0x0000000023afeb40 is an unknown value
R12=0x0000000000000022 is an unknown value
R13=0x0000000049e5eb5c is an unknown value
R14=0x0000000028ea1318 is an unknown value
R15=0x0000000028ea1130 is an unknown value


Stack: [0x0000000022d80000,0x0000000022e80000],  sp=0x0000000022e7b8e0,  free space=1006k
Native frames: (J=compiled Java code, j=interpreted, Vv=VM code, C=native code)
C  [_multiarray_umath.cp38-win_amd64.pyd+0x11cc09]
C  [_multiarray_umath.cp38-win_amd64.pyd+0x12dae9]
C  [python38.dll+0x4b189]
C  [python38.dll+0x57fce]
C  [python38.dll+0x4fc58]
C  [python38.dll+0x5553d]
C  [python38.dll+0x4fc58]
C  [python38.dll+0x57a38]
C  [python38.dll+0x4fc58]
C  [python38.dll+0x4f805]
C  [python38.dll+0x54d16]
C  [python38.dll+0x4fc58]
C  [python38.dll+0x5654b]
C  [python38.dll+0x542ce]
C  [python38.dll+0x5135d]
C  [python38.dll+0x194c7]
C  [python38.dll+0x18fd0]
C  [python38.dll+0xbc249]
C  [python38.dll+0x4af9c]
C  [python38.dll+0xfdc4d]
C  [python38.dll+0x38584]
C  [python38.dll+0x39bba]
C  [python38.dll+0x43c34]
C  [python38.dll+0xfcd7]
C  [python38.dll+0xfb29]
C  [python38.dll+0xa8e2f]
C  [jep.dll+0x7928]
C  [jep.dll+0x6faa]
C  0x00000000028d6567

Java frames: (J=compiled Java code, j=interpreted, Vv=VM code)
j  jep.Jep.eval(JLjava/lang/String;)V+0
j  jep.Jep.eval(Ljava/lang/String;)Z+109
j  PythonInterpreterTemplate.PythonInterpreterTemplate.HUS2Vec_sep_classify(Ljava/lang/String;Ljavax/swing/JTextArea;)Ljava/lang/String;+67
j  PythonInterpreterTemplate.NFrame.actionPerformed(Ljava/awt/event/ActionEvent;)V+149
j  java.awt.Button.processActionEvent(Ljava/awt/event/ActionEvent;)V+11
j  java.awt.Button.processEvent(Ljava/awt/AWTEvent;)V+12
J 826 C1 java.awt.Component.dispatchEventImpl(Ljava/awt/AWTEvent;)V (921 bytes) @ 0x0000000002b88f74 [0x0000000002b83a40+0x5534]
J 542 C1 java.awt.EventQueue.dispatchEventImpl(Ljava/awt/AWTEvent;Ljava/lang/Object;)V (149 bytes) @ 0x0000000002ad8cbc [0x0000000002ad7440+0x187c]
J 540 C1 java.awt.EventQueue$3.run()Ljava/lang/Void; (60 bytes) @ 0x0000000002ad38dc [0x0000000002ad36c0+0x21c]
J 539 C1 java.awt.EventQueue$3.run()Ljava/lang/Object; (5 bytes) @ 0x0000000002ad3fcc [0x0000000002ad3f40+0x8c]
v  ~StubRoutines::call_stub
J 467  java.security.AccessController.doPrivileged(Ljava/security/PrivilegedAction;Ljava/security/AccessControlContext;)Ljava/lang/Object; (0 bytes) @ 0x0000000002aa9626 [0x0000000002aa95c0+0x66]
J 944 C1 java.awt.EventQueue$4.run()Ljava/lang/Object; (5 bytes) @ 0x0000000002bf6834 [0x0000000002bf6400+0x434]
v  ~StubRoutines::call_stub
J 467  java.security.AccessController.doPrivileged(Ljava/security/PrivilegedAction;Ljava/security/AccessControlContext;)Ljava/lang/Object; (0 bytes) @ 0x0000000002aa9626 [0x0000000002aa95c0+0x66]
J 489 C1 java.awt.EventQueue.dispatchEvent(Ljava/awt/AWTEvent;)V (80 bytes) @ 0x0000000002ab587c [0x0000000002ab49c0+0xebc]
J 490 C1 java.awt.EventDispatchThread.pumpOneEventForFilters(I)V (190 bytes) @ 0x0000000002ab7b5c [0x0000000002ab6a00+0x115c]
j  java.awt.EventDispatchThread.pumpEventsForFilter(ILjava/awt/Conditional;Ljava/awt/EventFilter;)V+35
j  java.awt.EventDispatchThread.pumpEventsForHierarchy(ILjava/awt/Conditional;Ljava/awt/Component;)V+11
j  java.awt.EventDispatchThread.pumpEvents(ILjava/awt/Conditional;)V+4
j  java.awt.EventDispatchThread.pumpEvents(Ljava/awt/Conditional;)V+3
j  java.awt.EventDispatchThread.run()V+9
v  ~StubRoutines::call_stub

---------------  P R O C E S S  ---------------

Java Threads: ( => current thread )
  0x000000001fe48800 JavaThread "JepMainInterpreter" daemon [_thread_blocked, id=4928, stack(0x0000000029d70000,0x0000000029e70000)]
  0x000000001fc61800 JavaThread "TimerQueue" daemon [_thread_blocked, id=10692, stack(0x0000000024790000,0x0000000024890000)]
  0x000000001ebaa800 JavaThread "Swing-Shell" daemon [_thread_blocked, id=10748, stack(0x0000000025e80000,0x0000000025f80000)]
  0x000000001f9b1800 JavaThread "D3D Screen Updater" daemon [_thread_blocked, id=1432, stack(0x0000000023830000,0x0000000023930000)]
  0x00000000027b2800 JavaThread "DestroyJavaVM" [_thread_blocked, id=1416, stack(0x0000000002680000,0x0000000002780000)]
=>0x000000001fa13800 JavaThread "AWT-EventQueue-0" [_thread_in_native, id=4808, stack(0x0000000022d80000,0x0000000022e80000)]
  0x000000001f996800 JavaThread "AWT-Windows" daemon [_thread_in_native, id=2704, stack(0x00000000202a0000,0x00000000203a0000)]
  0x000000001f993800 JavaThread "AWT-Shutdown" [_thread_blocked, id=12208, stack(0x00000000201a0000,0x00000000202a0000)]
  0x000000001f993000 JavaThread "Java2D Disposer" daemon [_thread_blocked, id=4836, stack(0x00000000200a0000,0x00000000201a0000)]
  0x000000001e860800 JavaThread "Service Thread" daemon [_thread_blocked, id=3948, stack(0x000000001f510000,0x000000001f610000)]
  0x000000001e81f000 JavaThread "C1 CompilerThread3" daemon [_thread_blocked, id=2064, stack(0x000000001f410000,0x000000001f510000)]
  0x000000001e80c800 JavaThread "C2 CompilerThread2" daemon [_thread_blocked, id=8112, stack(0x000000001f310000,0x000000001f410000)]
  0x000000001e805800 JavaThread "C2 CompilerThread1" daemon [_thread_blocked, id=8040, stack(0x000000001f210000,0x000000001f310000)]
  0x000000001e803000 JavaThread "C2 CompilerThread0" daemon [_thread_blocked, id=8780, stack(0x000000001f110000,0x000000001f210000)]
  0x000000001e800800 JavaThread "Attach Listener" daemon [_thread_blocked, id=12140, stack(0x000000001f010000,0x000000001f110000)]
  0x000000001c9de800 JavaThread "Signal Dispatcher" daemon [_thread_blocked, id=8916, stack(0x000000001ef10000,0x000000001f010000)]
  0x00000000028a8000 JavaThread "Finalizer" daemon [_thread_blocked, id=8076, stack(0x000000001ecd0000,0x000000001edd0000)]
  0x000000001e7f0800 JavaThread "Reference Handler" daemon [_thread_blocked, id=11588, stack(0x000000001ebd0000,0x000000001ecd0000)]

Other Threads:
  0x000000001c9c9000 VMThread [stack: 0x000000001e6d0000,0x000000001e7d0000] [id=12152]
  0x000000001e861800 WatcherThread [stack: 0x000000001f780000,0x000000001f880000] [id=3800]

VM state:not at safepoint (normal execution)

VM Mutex/Monitor currently owned by a thread: None

heap address: 0x00000006b6600000, size: 4250 MB, Compressed Oops mode: Zero based, Oop shift amount: 3
Narrow klass base: 0x0000000000000000, Narrow klass shift: 3
Compressed class space size: 1073741824 Address: 0x00000007c0000000

Heap:
 PSYoungGen      total 79360K, used 17297K [0x0000000767780000, 0x000000076d000000, 0x00000007c0000000)
  eden space 68096K, 19% used [0x0000000767780000,0x0000000768474728,0x000000076ba00000)
  from space 11264K, 35% used [0x000000076ba00000,0x000000076bdf0000,0x000000076c500000)
  to   space 11264K, 0% used [0x000000076c500000,0x000000076c500000,0x000000076d000000)
 ParOldGen       total 181760K, used 24K [0x00000006b6600000, 0x00000006c1780000, 0x0000000767780000)
  object space 181760K, 0% used [0x00000006b6600000,0x00000006b6606000,0x00000006c1780000)
 Metaspace       used 15218K, capacity 15434K, committed 15744K, reserved 1062912K
  class space    used 1990K, capacity 2067K, committed 2176K, reserved 1048576K

Card table byte_map: [0x0000000011c80000,0x00000000124d0000] byte_map_base: 0x000000000e6cd000

Marking Bits: (ParMarkBitMap*) 0x000000006f655ce0
 Begin Bits: [0x0000000013260000, 0x00000000174c8000)
 End Bits:   [0x00000000174c8000, 0x000000001b730000)

Polling page: 0x0000000002780000

CodeCache: size=245760Kb used=6423Kb max_used=6423Kb free=239336Kb
 bounds [0x00000000028c0000, 0x0000000002f10000, 0x00000000118c0000]
 total_blobs=2492 nmethods=1969 adapters=435
 compilation: enabled

Compilation events (10 events):
Event: 96.278 Thread 0x000000001e81f000 2011       3       javax.swing.RepaintManager::collectDirtyComponents (344 bytes)
Event: 96.279 Thread 0x000000001e803000 2012       4       java.awt.Rectangle::translate (197 bytes)
Event: 96.280 Thread 0x000000001e803000 nmethod 2012 0x0000000002eeabd0 code [0x0000000002eead20, 0x0000000002eeae18]
Event: 96.280 Thread 0x000000001e81f000 nmethod 2011 0x0000000002f02250 code [0x0000000002f02560, 0x0000000002f04388]
Event: 96.573 Thread 0x000000001e80c800 2013       4       java.util.concurrent.locks.AbstractQueuedSynchronizer::transferForSignal (45 bytes)
Event: 96.575 Thread 0x000000001e80c800 nmethod 2013 0x0000000002f01cd0 code [0x0000000002f01e20, 0x0000000002f02088]
Event: 96.791 Thread 0x000000001e81f000 2014   !   3       java.awt.KeyboardFocusManager::retargetFocusEvent (244 bytes)
Event: 96.792 Thread 0x000000001e81f000 nmethod 2014 0x0000000002f08a90 code [0x0000000002f08f00, 0x0000000002f0be98]
Event: 97.464 Thread 0x000000001e81f000 2015       3       sun.awt.PlatformFont::getFontCache (24 bytes)
Event: 97.464 Thread 0x000000001e81f000 nmethod 2015 0x0000000002eea790 code [0x0000000002eea8e0, 0x0000000002eeab30]

GC Heap History (2 events):
Event: 47.671 GC heap before
{Heap before GC invocations=1 (full 0):
 PSYoungGen      total 79360K, used 68096K [0x0000000767780000, 0x000000076d000000, 0x00000007c0000000)
  eden space 68096K, 100% used [0x0000000767780000,0x000000076ba00000,0x000000076ba00000)
  from space 11264K, 0% used [0x000000076c500000,0x000000076c500000,0x000000076d000000)
  to   space 11264K, 0% used [0x000000076ba00000,0x000000076ba00000,0x000000076c500000)
 ParOldGen       total 181760K, used 0K [0x00000006b6600000, 0x00000006c1780000, 0x0000000767780000)
  object space 181760K, 0% used [0x00000006b6600000,0x00000006b6600000,0x00000006c1780000)
 Metaspace       used 14265K, capacity 14506K, committed 14720K, reserved 1062912K
  class space    used 1828K, capacity 1907K, committed 1920K, reserved 1048576K
Event: 47.676 GC heap after
Heap after GC invocations=1 (full 0):
 PSYoungGen      total 79360K, used 4032K [0x0000000767780000, 0x000000076d000000, 0x00000007c0000000)
  eden space 68096K, 0% used [0x0000000767780000,0x0000000767780000,0x000000076ba00000)
  from space 11264K, 35% used [0x000000076ba00000,0x000000076bdf0000,0x000000076c500000)
  to   space 11264K, 0% used [0x000000076c500000,0x000000076c500000,0x000000076d000000)
 ParOldGen       total 181760K, used 24K [0x00000006b6600000, 0x00000006c1780000, 0x0000000767780000)
  object space 181760K, 0% used [0x00000006b6600000,0x00000006b6606000,0x00000006c1780000)
 Metaspace       used 14265K, capacity 14506K, committed 14720K, reserved 1062912K
  class space    used 1828K, capacity 1907K, committed 1920K, reserved 1048576K
}

Deoptimization events (10 events):
Event: 47.641 Thread 0x000000001fa13800 Uncommon trap: reason=unstable_if action=reinterpret pc=0x0000000002e61094 method=java.util.zip.ZipCoder.decoder()Ljava/nio/charset/CharsetDecoder; @ 4
Event: 47.642 Thread 0x000000001fa13800 Uncommon trap: reason=unstable_if action=reinterpret pc=0x0000000002e5fa50 method=java.util.zip.ZipCoder.decoder()Ljava/nio/charset/CharsetDecoder; @ 4
Event: 47.643 Thread 0x000000001fa13800 Uncommon trap: reason=bimorphic action=maybe_recompile pc=0x0000000002b39300 method=java.util.HashMap.getNode(ILjava/lang/Object;)Ljava/util/HashMap$Node; @ 126
Event: 47.643 Thread 0x000000001fa13800 Uncommon trap: reason=bimorphic action=maybe_recompile pc=0x0000000002b39300 method=java.util.HashMap.getNode(ILjava/lang/Object;)Ljava/util/HashMap$Node; @ 126
Event: 47.643 Thread 0x000000001fa13800 Uncommon trap: reason=bimorphic action=maybe_recompile pc=0x0000000002b39300 method=java.util.HashMap.getNode(ILjava/lang/Object;)Ljava/util/HashMap$Node; @ 126
Event: 47.643 Thread 0x000000001fa13800 Uncommon trap: reason=bimorphic action=maybe_recompile pc=0x0000000002b39300 method=java.util.HashMap.getNode(ILjava/lang/Object;)Ljava/util/HashMap$Node; @ 126
Event: 47.643 Thread 0x000000001fa13800 Uncommon trap: reason=bimorphic action=maybe_recompile pc=0x0000000002b2eb44 method=java.util.HashMap.getNode(ILjava/lang/Object;)Ljava/util/HashMap$Node; @ 126
Event: 47.684 Thread 0x000000001fa13800 Uncommon trap: reason=unstable_if action=reinterpret pc=0x0000000002ea23bc method=java.io.BufferedReader.readLine(Z)Ljava/lang/String; @ 55
Event: 48.594 Thread 0x000000001fa13800 Uncommon trap: reason=unstable_if action=reinterpret pc=0x0000000002ee5c58 method=java.lang.Class$MethodArray.add(Ljava/lang/reflect/Method;)V @ 51
Event: 49.679 Thread 0x000000001fa13800 Uncommon trap: reason=unstable_if action=reinterpret pc=0x0000000002d47830 method=java.awt.Container.getMouseEventTargetImpl(IIZLjava/awt/Container$EventTargetFilter;ZZ)Ljava/awt/Component; @ 218

Classes redefined (0 events):
No events

Internal exceptions (10 events):
Event: 0.092 Thread 0x00000000027b2800 Exception <a 'java/security/PrivilegedActionException'> (0x000000076781dc48) thrown at [C:\re\workspace\8-2-build-windows-amd64-cygwin\jdk8u202\12323\hotspot\src\share\vm\prims\jvm.cpp, line 1502]
Event: 0.096 Thread 0x00000000027b2800 Exception <a 'java/io/FileNotFoundException'> (0x0000000767820ae0) thrown at [C:\re\workspace\8-2-build-windows-amd64-cygwin\jdk8u202\12323\hotspot\src\share\vm\prims\jni.cpp, line 710]
Event: 0.126 Thread 0x00000000027b2800 Exception <a 'java/lang/NoSuchFieldError': method resolution failed> (0x0000000767a45a10) thrown at [C:\re\workspace\8-2-build-windows-amd64-cygwin\jdk8u202\12323\hotspot\src\share\vm\prims\methodHandles.cpp, line 1167]
Event: 0.128 Thread 0x00000000027b2800 Exception <a 'java/lang/NoSuchFieldError': method resolution failed> (0x0000000767a52de0) thrown at [C:\re\workspace\8-2-build-windows-amd64-cygwin\jdk8u202\12323\hotspot\src\share\vm\prims\methodHandles.cpp, line 1167]
Event: 0.163 Thread 0x00000000027b2800 Exception <a 'java/io/FileNotFoundException'> (0x0000000767aeee40) thrown at [C:\re\workspace\8-2-build-windows-amd64-cygwin\jdk8u202\12323\hotspot\src\share\vm\prims\jni.cpp, line 710]
Event: 0.215 Thread 0x00000000027b2800 Implicit null exception at 0x0000000002a290e2 to 0x0000000002a292b9
Event: 47.641 Thread 0x000000001fa13800 Implicit null exception at 0x0000000002e60aad to 0x0000000002e61081
Event: 47.642 Thread 0x000000001fa13800 Implicit null exception at 0x0000000002e5f5fd to 0x0000000002e5fa41
Event: 48.594 Thread 0x000000001fa13800 Implicit null exception at 0x0000000002ee5a29 to 0x0000000002ee5c49
Event: 49.613 Thread 0x000000001fa13800 Exception <a 'jep/JepException'> (0x000000076826cae0) thrown at [C:\re\workspace\8-2-build-windows-amd64-cygwin\jdk8u202\12323\hotspot\src\share\vm\prims\jni.cpp, line 710]

Events (10 events):
Event: 48.595 loading class org/python/core/PyDataDescr done
Event: 49.679 Thread 0x000000001fa13800 Uncommon trap: trap_request=0xffffff65 fr.pc=0x0000000002d47830
Event: 49.679 Thread 0x000000001fa13800 DEOPT PACKING pc=0x0000000002d47830 sp=0x0000000022e7d550
Event: 49.679 Thread 0x000000001fa13800 DEOPT UNPACKING pc=0x000000000290557b sp=0x0000000022e7d468 mode 2
Event: 49.679 Executing VM operation: BulkRevokeBias
Event: 49.680 Executing VM operation: BulkRevokeBias done
Event: 66.129 Executing VM operation: RevokeBias
Event: 66.130 Executing VM operation: RevokeBias done
Event: 93.019 Executing VM operation: RevokeBias
Event: 93.019 Executing VM operation: RevokeBias done


Dynamic libraries:
0x00007ff626600000 - 0x00007ff626637000 	C:\Program Files\Java\jdk1.8.0_202\bin\java.exe
0x00007ffae99d0000 - 0x00007ffae9bc5000 	C:\Windows\SYSTEM32\ntdll.dll
0x00007ffae8720000 - 0x00007ffae87de000 	C:\Windows\System32\KERNEL32.DLL
0x00007ffae75b0000 - 0x00007ffae7878000 	C:\Windows\System32\KERNELBASE.dll
0x00007ffae98e0000 - 0x00007ffae998c000 	C:\Windows\System32\ADVAPI32.dll
0x00007ffae9840000 - 0x00007ffae98de000 	C:\Windows\System32\msvcrt.dll
0x00007ffae7c50000 - 0x00007ffae7ceb000 	C:\Windows\System32\sechost.dll
0x00007ffae94d0000 - 0x00007ffae95fa000 	C:\Windows\System32\RPCRT4.dll
0x00007ffae8570000 - 0x00007ffae8711000 	C:\Windows\System32\USER32.dll
0x00007ffae7380000 - 0x00007ffae73a2000 	C:\Windows\System32\win32u.dll
0x00007ffae7cf0000 - 0x00007ffae7d1b000 	C:\Windows\System32\GDI32.dll
0x00007ffae7910000 - 0x00007ffae7a1b000 	C:\Windows\System32\gdi32full.dll
0x00007ffae73b0000 - 0x00007ffae744d000 	C:\Windows\System32\msvcp_win.dll
0x00007ffae7250000 - 0x00007ffae7350000 	C:\Windows\System32\ucrtbase.dll
0x00007fface9f0000 - 0x00007ffacec8a000 	C:\Windows\WinSxS\amd64_microsoft.windows.common-controls_6595b64144ccf1df_6.0.19041.1110_none_60b5254171f9507e\COMCTL32.dll
0x00007ffae87e0000 - 0x00007ffae8810000 	C:\Windows\System32\IMM32.DLL
0x000000006ed50000 - 0x000000006ee22000 	C:\Program Files\Java\jdk1.8.0_202\jre\bin\msvcr100.dll
0x000000006ee30000 - 0x000000006f6d5000 	C:\Program Files\Java\jdk1.8.0_202\jre\bin\server\jvm.dll
0x00007ffae8e20000 - 0x00007ffae8e28000 	C:\Windows\System32\PSAPI.DLL
0x00007ffae0570000 - 0x00007ffae057a000 	C:\Windows\SYSTEM32\VERSION.dll
0x00007ffaddfc0000 - 0x00007ffaddfc9000 	C:\Windows\SYSTEM32\WSOCK32.dll
0x00007ffacf760000 - 0x00007ffacf787000 	C:\Windows\SYSTEM32\WINMM.dll
0x00007ffae96b0000 - 0x00007ffae971b000 	C:\Windows\System32\WS2_32.dll
0x00007ffadde60000 - 0x00007ffadde6f000 	C:\Program Files\Java\jdk1.8.0_202\jre\bin\verify.dll
0x00007ffadccb0000 - 0x00007ffadccd9000 	C:\Program Files\Java\jdk1.8.0_202\jre\bin\java.dll
0x00007ffadd270000 - 0x00007ffadd286000 	C:\Program Files\Java\jdk1.8.0_202\jre\bin\zip.dll
0x00007ffae7d20000 - 0x00007ffae845f000 	C:\Windows\System32\SHELL32.dll
0x00007ffae5210000 - 0x00007ffae59a0000 	C:\Windows\SYSTEM32\windows.storage.dll
0x00007ffae8e30000 - 0x00007ffae9185000 	C:\Windows\System32\combase.dll
0x00007ffae6a70000 - 0x00007ffae6a9e000 	C:\Windows\SYSTEM32\Wldp.dll
0x00007ffae84c0000 - 0x00007ffae856d000 	C:\Windows\System32\SHCORE.dll
0x00007ffae9470000 - 0x00007ffae94c5000 	C:\Windows\System32\shlwapi.dll
0x00007ffae7030000 - 0x00007ffae704f000 	C:\Windows\SYSTEM32\profapi.dll
0x00007ffaa3ef0000 - 0x00007ffaa4089000 	C:\Program Files\Java\jdk1.8.0_202\jre\bin\awt.dll
0x00007ffae91f0000 - 0x00007ffae92bd000 	C:\Windows\System32\OLEAUT32.dll
0x00007ffae49e0000 - 0x00007ffae4a70000 	C:\Windows\SYSTEM32\apphelp.dll
0x00007ffae4d20000 - 0x00007ffae4d4f000 	C:\Windows\system32\DWMAPI.DLL
0x00007ffae4b10000 - 0x00007ffae4bae000 	C:\Windows\system32\uxtheme.dll
0x00007ffaa3dc0000 - 0x00007ffaa3ee5000 	C:\Windows\system32\opengl32.dll
0x00007ffad9d10000 - 0x00007ffad9d3c000 	C:\Windows\SYSTEM32\GLU32.dll
0x00007ffae9720000 - 0x00007ffae9835000 	C:\Windows\System32\MSCTF.dll
0x00007ffae7a20000 - 0x00007ffae7b4a000 	C:\Windows\System32\ole32.dll
0x00007ffae5010000 - 0x00007ffae5022000 	C:\Windows\SYSTEM32\kernel.appcore.dll
0x00007ffae7880000 - 0x00007ffae7903000 	C:\Windows\System32\bcryptPrimitives.dll
0x00007ffac67b0000 - 0x00007ffac697e000 	C:\Windows\system32\d3d9.dll
0x00007ffad6f70000 - 0x00007ffad7666000 	C:\Windows\SYSTEM32\d3d10warp.dll
0x00007ffae23e0000 - 0x00007ffae241b000 	C:\Windows\SYSTEM32\dxcore.dll
0x00007ffae70f0000 - 0x00007ffae713e000 	C:\Windows\System32\cfgmgr32.dll
0x00007ffad9b60000 - 0x00007ffad9ba7000 	C:\Program Files\Java\jdk1.8.0_202\jre\bin\fontmanager.dll
0x00007ffae9600000 - 0x00007ffae96a9000 	C:\Windows\System32\clbcatq.dll
0x00007ffad92c0000 - 0x00007ffad9474000 	C:\Windows\SYSTEM32\WindowsCodecs.dll
0x00007ffae7350000 - 0x00007ffae7377000 	C:\Windows\System32\bcrypt.dll
0x00007ffacd5d0000 - 0x00007ffacd60e000 	C:\Windows\system32\dataexchange.dll
0x00007ffae3e40000 - 0x00007ffae4025000 	C:\Windows\system32\dcomp.dll
0x00007ffae3610000 - 0x00007ffae3874000 	C:\Windows\system32\d3d11.dll
0x00007ffae59e0000 - 0x00007ffae5ad4000 	C:\Windows\system32\dxgi.dll
0x00007ffadae60000 - 0x00007ffadb061000 	C:\Windows\system32\twinapi.appcore.dll
0x00007ffadaa80000 - 0x00007ffadaa9a000 	C:\Program Files\Java\jdk1.8.0_202\jre\bin\net.dll
0x00007ffade9a0000 - 0x00007ffadeb8b000 	C:\Windows\SYSTEM32\urlmon.dll
0x00007ffade970000 - 0x00007ffade998000 	C:\Windows\SYSTEM32\srvcli.dll
0x00007ffae65d0000 - 0x00007ffae65dc000 	C:\Windows\SYSTEM32\netutils.dll
0x00007ffade6c0000 - 0x00007ffade970000 	C:\Windows\SYSTEM32\iertutil.dll
0x00007ffae67d0000 - 0x00007ffae683a000 	C:\Windows\system32\mswsock.dll
0x00007ffada4e0000 - 0x00007ffada4f2000 	C:\Program Files\Java\jdk1.8.0_202\jre\bin\nio.dll
0x00007ffad26a0000 - 0x00007ffad26e2000 	C:\Program Files\Java\jdk1.8.0_202\jre\bin\t2k.dll
0x00007ffad9750000 - 0x00007ffad9849000 	C:\Windows\SYSTEM32\textinputframework.dll
0x00007ffae4030000 - 0x00007ffae438e000 	C:\Windows\System32\CoreUIComponents.dll
0x00007ffae4720000 - 0x00007ffae4812000 	C:\Windows\System32\CoreMessaging.dll
0x00007ffae3050000 - 0x00007ffae31a4000 	C:\Windows\SYSTEM32\wintypes.dll
0x00007ffae5de0000 - 0x00007ffae5e13000 	C:\Windows\SYSTEM32\ntmarta.dll
0x00007ffac2d40000 - 0x00007ffac2df0000 	C:\Windows\WinSxS\amd64_microsoft.windows.common-controls_6595b64144ccf1df_5.82.19041.1110_none_792d1c772443f647\comctl32.dll
0x00007ffae1850000 - 0x00007ffae1946000 	C:\Windows\SYSTEM32\PROPSYS.dll
0x00007ffad2570000 - 0x00007ffad2587000 	C:\Windows\system32\NetworkExplorer.dll
0x00007ffad13b0000 - 0x00007ffad13cd000 	C:\Windows\SYSTEM32\MPR.dll
0x00007ffae2970000 - 0x00007ffae297b000 	C:\Windows\System32\drprov.dll
0x00007ffae6dc0000 - 0x00007ffae6e1a000 	C:\Windows\System32\WINSTA.dll
0x00007ffaa2470000 - 0x00007ffaa2492000 	C:\Windows\System32\ntlanman.dll
0x00007ffaa1e60000 - 0x00007ffaa1e7e000 	C:\Windows\System32\davclnt.dll
0x00007ffad4040000 - 0x00007ffad404d000 	C:\Windows\System32\DAVHLPR.dll
0x00007ffae6270000 - 0x00007ffae6287000 	C:\Windows\System32\wkscli.dll
0x00007ffad9d40000 - 0x00007ffad9d52000 	C:\Windows\SYSTEM32\cscapi.dll
0x00007ffabe1c0000 - 0x00007ffabe216000 	C:\Windows\System32\dlnashext.dll
0x00007ffada010000 - 0x00007ffada074000 	C:\Windows\System32\PlayToDevice.dll
0x00007ffad4910000 - 0x00007ffad4930000 	C:\Windows\System32\DevDispItemProvider.dll
0x00007ffae13d0000 - 0x00007ffae1455000 	C:\Windows\System32\MMDevApi.dll
0x00007ffae6e20000 - 0x00007ffae6e54000 	C:\Windows\System32\DEVOBJ.dll
0x00007ffad18b0000 - 0x00007ffad18fe000 	C:\Windows\SYSTEM32\rdpendp.dll
0x00007ffae2290000 - 0x00007ffae22a4000 	C:\Windows\SYSTEM32\WTSAPI32.dll
0x00007ffad6110000 - 0x00007ffad61bc000 	C:\Windows\SYSTEM32\TextShaping.dll
0x00007ffad9f60000 - 0x00007ffada001000 	C:\Windows\system32\wpdshext.dll
0x00007ffabe370000 - 0x00007ffabe519000 	C:\Windows\WinSxS\amd64_microsoft.windows.gdiplus_6595b64144ccf1df_1.1.19041.1348_none_91a2627ccc89e3fb\gdiplus.dll
0x00007ffae22d0000 - 0x00007ffae2373000 	C:\Windows\System32\PortableDeviceApi.dll
0x00007ffae89a0000 - 0x00007ffae8e12000 	C:\Windows\System32\SETUPAPI.dll
0x00007ffae7140000 - 0x00007ffae71a0000 	C:\Windows\System32\WINTRUST.dll
0x00007ffae7450000 - 0x00007ffae75a6000 	C:\Windows\System32\CRYPT32.dll
0x00007ffae6c00000 - 0x00007ffae6c12000 	C:\Windows\System32\MSASN1.dll
0x00007ffacf200000 - 0x00007ffacf237000 	C:\Windows\System32\EhStorShell.dll
0x00007ffada510000 - 0x00007ffada536000 	C:\Windows\System32\EhStorAPI.dll
0x00007ffacc110000 - 0x00007ffacc11d000 	C:\Windows\SYSTEM32\LINKINFO.dll
0x00007ffad9c30000 - 0x00007ffad9c61000 	C:\Windows\jep.dll
0x00007ffaddad0000 - 0x00007ffaddae6000 	C:\Program Files\Java\jdk1.8.0_202\jre\bin\VCRUNTIME140.dll
0x00007ffac6380000 - 0x00007ffac67b0000 	C:\Users\admin\AppData\Local\Programs\Python\Python38\python38.dll
0x00007ffae69c0000 - 0x00007ffae69d8000 	C:\Windows\SYSTEM32\CRYPTSP.dll
0x00007ffae6150000 - 0x00007ffae6184000 	C:\Windows\system32\rsaenh.dll
0x00007ffae69e0000 - 0x00007ffae69ec000 	C:\Windows\SYSTEM32\CRYPTBASE.dll
0x00007ffae2fa0000 - 0x00007ffae2faf000 	C:\Users\admin\AppData\Local\Programs\Python\Python38\python3.dll
0x00007ffada490000 - 0x00007ffada4b1000 	C:\Users\admin\AppData\Local\Programs\Python\Python38\DLLs\_ctypes.pyd
0x00007ffae23b0000 - 0x00007ffae23bb000 	C:\Users\admin\AppData\Local\Programs\Python\Python38\DLLs\libffi-7.dll
0x0000000062a80000 - 0x0000000064833000 	C:\Users\admin\AppData\Local\Programs\Python\Python38\lib\site-packages\numpy\.libs\libopenblas.XWYDX2IKJW2NMTWSFYNGFUWKQU3LYTCZ.gfortran-win_amd64.dll
0x00007ffac6080000 - 0x00007ffac6373000 	C:\Users\admin\AppData\Local\Programs\Python\Python38\lib\site-packages\numpy\core\_multiarray_umath.cp38-win_amd64.pyd
0x00007ffadcee0000 - 0x00007ffadcf00000 	C:\Users\admin\AppData\Local\Programs\Python\Python38\lib\site-packages\numpy\core\_multiarray_tests.cp38-win_amd64.pyd
0x00007ffadcde0000 - 0x00007ffadcdf6000 	C:\Users\admin\AppData\Local\Programs\Python\Python38\DLLs\_socket.pyd
0x00007ffae64c0000 - 0x00007ffae64fb000 	C:\Windows\SYSTEM32\IPHLPAPI.DLL
0x00007ffadcdb0000 - 0x00007ffadcdb9000 	C:\Users\admin\AppData\Local\Programs\Python\Python38\DLLs\select.pyd
0x00007ffadcda0000 - 0x00007ffadcda9000 	C:\Users\admin\AppData\Local\Programs\Python\Python38\lib\site-packages\numpy\linalg\lapack_lite.cp38-win_amd64.pyd
0x00007ffad9f30000 - 0x00007ffad9f5a000 	C:\Users\admin\AppData\Local\Programs\Python\Python38\lib\site-packages\numpy\linalg\_umath_linalg.cp38-win_amd64.pyd
0x00007ffadc840000 - 0x00007ffadc860000 	C:\Users\admin\AppData\Local\Programs\Python\Python38\lib\site-packages\numpy\fft\_pocketfft_internal.cp38-win_amd64.pyd
0x00007ffac5fe0000 - 0x00007ffac6074000 	C:\Users\admin\AppData\Local\Programs\Python\Python38\lib\site-packages\numpy\random\mtrand.cp38-win_amd64.pyd
0x00007ffad9e80000 - 0x00007ffad9ea9000 	C:\Users\admin\AppData\Local\Programs\Python\Python38\lib\site-packages\numpy\random\bit_generator.cp38-win_amd64.pyd
0x00007ffad9bf0000 - 0x00007ffad9c22000 	C:\Users\admin\AppData\Local\Programs\Python\Python38\lib\site-packages\numpy\random\_common.cp38-win_amd64.pyd
0x00007ffadcd70000 - 0x00007ffadcd7d000 	C:\Users\admin\AppData\Local\Programs\Python\Python38\DLLs\_hashlib.pyd
0x00007ffac4ef0000 - 0x00007ffac523a000 	C:\Users\admin\AppData\Local\Programs\Python\Python38\DLLs\libcrypto-1_1.dll
0x00007ffad4080000 - 0x00007ffad40c2000 	C:\Users\admin\AppData\Local\Programs\Python\Python38\lib\site-packages\numpy\random\_bounded_integers.cp38-win_amd64.pyd
0x00007ffad4060000 - 0x00007ffad4078000 	C:\Users\admin\AppData\Local\Programs\Python\Python38\lib\site-packages\numpy\random\_mt19937.cp38-win_amd64.pyd
0x00007ffad2660000 - 0x00007ffad2677000 	C:\Users\admin\AppData\Local\Programs\Python\Python38\lib\site-packages\numpy\random\_philox.cp38-win_amd64.pyd
0x00007ffad2640000 - 0x00007ffad2659000 	C:\Users\admin\AppData\Local\Programs\Python\Python38\lib\site-packages\numpy\random\_pcg64.cp38-win_amd64.pyd
0x00007ffad2620000 - 0x00007ffad2632000 	C:\Users\admin\AppData\Local\Programs\Python\Python38\lib\site-packages\numpy\random\_sfc64.cp38-win_amd64.pyd
0x00007ffac5f30000 - 0x00007ffac5fde000 	C:\Users\admin\AppData\Local\Programs\Python\Python38\lib\site-packages\numpy\random\_generator.cp38-win_amd64.pyd

VM Arguments:
jvm_args: -Dfile.encoding=UTF-8 
java_command: PythonInterpreterTemplate.PythonInterpreterTemplate
java_class_path (initial): C:\jython2.7.2\jython.jar;C:\jython2.7.2\jep.jar;C:\Users\admin\Documents\NetBeansProjects\PythonInterpreterTemplate\build\classes
Launcher Type: SUN_STANDARD

Environment Variables:
PATH=C:\Program Files\NVIDIA GPU Computing Toolkit\CUDA\v11.5\bin;C:\Program Files\NVIDIA GPU Computing Toolkit\CUDA\v11.5\libnvvp;C:\Program Files (x86)\Common Files\Oracle\Java\javapath;C:\Windows\system32;C:\Windows;C:\Windows\System32\Wbem;C:\Windows\System32\WindowsPowerShell\v1.0\;C:\Windows\System32\OpenSSH\;C:\Program Files\Git\cmd;C:\ProgramData\chocolatey\bin;C:\Program Files\NVIDIA Corporation\Nsight Compute 2021.3.1\;C:\Program Files (x86)\NVIDIA Corporation\PhysX\Common;"C:\Windows;";C:\Program Files (x86)\Microsoft Visual Studio 14.0\VC\bin;C:\Users\admin\AppData\Local\Programs\Python\Python38\;C:\Users\admin\AppData\Local\Microsoft\WindowsApps;C:\Program Files\JetBrains\JetBrains Rider 2021.2.1\bin;;C:\Program Files\JetBrains\PyCharm 2021.2.2\bin;;C:\Program Files\JetBrains\PyCharm Community Edition 2020.2.2\bin;;"C:\Windows\System32;";"C:\Windows\System32\Wbem;";C:\Windows\System32\WindowsPowerShell\v1.0;C:\Users\admin\AppData\Local\Programs\Python\Python38\Scripts\;C:\Program Files (x86)\Nmap;C:\Users\admin\AppData\Local\Programs\MiKTeX\miktex\bin\x64\;C:\ProgramData\chocolatey\lib\mingw\tools\install\mingw64\bin;C:\Python27\Lib\site-packages;C:\Users\admin\AppData\Local\Programs\Python\Python38\Lib\site-packages\;C:\Users\admin\Documents\NetBeansProjects\PythonInterpreterTemplate\Doc2VecC_python\build\temp.win-amd64-3.8\Release;C:\Users\admin\anaconda3\Lib\site-packages\numpy\core\include\numpy;C:\Program Files\JetBrains\CLion 2021.2.3\bin;
USERNAME=admin
LD_LIBRARY_PATH=$LD_LIBRARY_PATH:C:/Users/admin/AppData/Local/Programs/Python/Python38/lib/site-packages/jep/
OS=Windows_NT
PROCESSOR_IDENTIFIER=Intel64 Family 15 Model 6 Stepping 1, GenuineIntel



---------------  S Y S T E M  ---------------

OS: Windows 10.0 , 64 bit Build 19041 (10.0.19041.1348)

CPU:total 8 (initial active 8) (4 cores per cpu, 1 threads per core) family 15 model 6 stepping 1, cmov, cx8, fxsr, mmx, sse, sse2, sse3, tsc

Memory: 4k page, physical 17407468k(13105160k free), swap 27136396k(19143960k free)

vm_info: Java HotSpot(TM) 64-Bit Server VM (25.202-b08) for windows-amd64 JRE (1.8.0_202-b08), built on Dec 15 2018 19:54:30 by "java_re" with MS VC++ 10.0 (VS2010)

time: Sat Nov 27 02:45:35 2021
timezone: Paris, Madrid
elapsed time: 98 seconds (0d 0h 1m 38s)

